[INFO] Scanning for projects...
[INFO] 
[INFO] --------------< com.creatorworkflow:creator-workflow-os >---------------
[INFO] Building Creator Workflow OS 1.0.0
[INFO]   from pom.xml
[INFO] --------------------------------[ jar ]---------------------------------
[INFO] 
[INFO] >>> spring-boot:3.2.3:run (default-cli) > test-compile @ creator-workflow-os >>>
[INFO] 
[INFO] --- resources:3.3.1:resources (default-resources) @ creator-workflow-os ---
[INFO] Copying 1 resource from src\main\resources to target\classes
[INFO] Copying 1 resource from src\main\resources to target\classes
[INFO] 
[INFO] --- compiler:3.11.0:compile (default-compile) @ creator-workflow-os ---
[INFO] Nothing to compile - all classes are up to date
[INFO] 
[INFO] --- resources:3.3.1:testResources (default-testResources) @ creator-workflow-os ---
[INFO] skip non existing resourceDirectory C:\Users\Lenovo\Desktop\CreatorPipeline\backend\src\test\resources
[INFO] 
[INFO] --- compiler:3.11.0:testCompile (default-testCompile) @ creator-workflow-os ---
[INFO] No sources to compile
[INFO] 
[INFO] <<< spring-boot:3.2.3:run (default-cli) < test-compile @ creator-workflow-os <<<
[INFO] 
[INFO] 
[INFO] --- spring-boot:3.2.3:run (default-cli) @ creator-workflow-os ---
[INFO] Attaching agents: []

  .   ____          _            __ _ _
 /\\ / ___'_ __ _ _(_)_ __  __ _ \ \ \ \
( ( )\___ | '_ | '_| | '_ \/ _` | \ \ \ \
 \\/  ___)| |_)| | | | | || (_| |  ) ) ) )
  '  |____| .__|_| |_|_| |_\__, | / / / /
 =========|_|==============|___/=/_/_/_/
 :: Spring Boot ::                (v3.2.3)

2026-04-02T23:33:18.423+05:30  INFO 2740 --- [  restartedMain] c.c.CreatorWorkflowApplication           : Starting CreatorWorkflowApplication using Java 25.0.2 with PID 2740 (C:\Users\Lenovo\Desktop\CreatorPipeline\backend\target\classes started by Lenovo in C:\Users\Lenovo\Desktop\CreatorPipeline\backend)
2026-04-02T23:33:18.425+05:30  INFO 2740 --- [  restartedMain] c.c.CreatorWorkflowApplication           : No active profile set, falling back to 1 default profile: "default"
2026-04-02T23:33:18.472+05:30  INFO 2740 --- [  restartedMain] .e.DevToolsPropertyDefaultsPostProcessor : Devtools property defaults active! Set 'spring.devtools.add-properties' to 'false' to disable
2026-04-02T23:33:18.472+05:30  INFO 2740 --- [  restartedMain] .e.DevToolsPropertyDefaultsPostProcessor : For additional web related logging consider setting the 'logging.level.web' property to 'DEBUG'
2026-04-02T23:33:18.896+05:30  INFO 2740 --- [  restartedMain] .s.d.r.c.RepositoryConfigurationDelegate : Bootstrapping Spring Data JPA repositories in DEFAULT mode.
2026-04-02T23:33:18.992+05:30  INFO 2740 --- [  restartedMain] .s.d.r.c.RepositoryConfigurationDelegate : Finished Spring Data repository scanning in 87 ms. Found 4 JPA repository interfaces.
WARNING: A restricted method in java.lang.System has been called
WARNING: java.lang.System::load has been called by org.apache.tomcat.jni.Library in an unnamed module (file:/C:/Users/Lenovo/.m2/repository/org/apache/tomcat/embed/tomcat-embed-core/10.1.19/tomcat-embed-core-10.1.19.jar)
WARNING: Use --enable-native-access=ALL-UNNAMED to avoid a warning for callers in this module
WARNING: Restricted methods will be blocked in a future release unless native access is enabled

2026-04-02T23:33:19.409+05:30  INFO 2740 --- [  restartedMain] o.s.b.w.embedded.tomcat.TomcatWebServer  : Tomcat initialized with port 8080 (http)
2026-04-02T23:33:19.415+05:30  INFO 2740 --- [  restartedMain] o.apache.catalina.core.StandardService   : Starting service [Tomcat]
2026-04-02T23:33:19.416+05:30  INFO 2740 --- [  restartedMain] o.apache.catalina.core.StandardEngine    : Starting Servlet engine: [Apache Tomcat/10.1.19]
2026-04-02T23:33:19.447+05:30  INFO 2740 --- [  restartedMain] o.a.c.c.C.[Tomcat].[localhost].[/]       : Initializing Spring embedded WebApplicationContext
2026-04-02T23:33:19.448+05:30  INFO 2740 --- [  restartedMain] w.s.c.ServletWebServerApplicationContext : Root WebApplicationContext: initialization completed in 974 ms
2026-04-02T23:33:19.524+05:30  INFO 2740 --- [  restartedMain] com.zaxxer.hikari.HikariDataSource       : HikariPool-1 - Starting...
2026-04-02T23:33:19.619+05:30  INFO 2740 --- [  restartedMain] com.zaxxer.hikari.pool.HikariPool        : HikariPool-1 - Added connection com.mysql.cj.jdbc.ConnectionImpl@5733d879
2026-04-02T23:33:19.620+05:30  INFO 2740 --- [  restartedMain] com.zaxxer.hikari.HikariDataSource       : HikariPool-1 - Start completed.
2026-04-02T23:33:19.671+05:30  INFO 2740 --- [  restartedMain] o.hibernate.jpa.internal.util.LogHelper  : HHH000204: Processing PersistenceUnitInfo [name: default]
2026-04-02T23:33:19.700+05:30  INFO 2740 --- [  restartedMain] org.hibernate.Version                    : HHH000412: Hibernate ORM core version 6.4.4.Final
2026-04-02T23:33:19.728+05:30  INFO 2740 --- [  restartedMain] o.h.c.internal.RegionFactoryInitiator    : HHH000026: Second-level cache disabled
2026-04-02T23:33:19.859+05:30  INFO 2740 --- [  restartedMain] o.s.o.j.p.SpringPersistenceUnitInfo      : No LoadTimeWeaver setup: ignoring JPA class transformer
2026-04-02T23:33:19.898+05:30  WARN 2740 --- [  restartedMain] org.hibernate.orm.deprecation            : HHH90000025: MySQLDialect does not need to be specified explicitly using 'hibernate.dialect' (remove the property setting and it will be selected by default)
2026-04-02T23:33:20.423+05:30  INFO 2740 --- [  restartedMain] o.h.e.t.j.p.i.JtaPlatformInitiator       : HHH000489: No JTA platform available (set 'hibernate.transaction.jta.platform' to enable JTA platform integration)
2026-04-02T23:33:20.470+05:30  INFO 2740 --- [  restartedMain] j.LocalContainerEntityManagerFactoryBean : Initialized JPA EntityManagerFactory for persistence unit 'default'
2026-04-02T23:33:20.652+05:30  INFO 2740 --- [  restartedMain] o.s.d.j.r.query.QueryEnhancerFactory     : Hibernate is in classpath; If applicable, HQL parser will be used.
WARNING: A terminally deprecated method in sun.misc.Unsafe has been called
WARNING: sun.misc.Unsafe::objectFieldOffset has been called by io.netty.util.internal.PlatformDependent0$4 (file:/C:/Users/Lenovo/.m2/repository/io/netty/netty-common/4.1.107.Final/netty-common-4.1.107.Final.jar)
WARNING: Please consider reporting this to the maintainers of class io.netty.util.internal.PlatformDependent0$4
WARNING: sun.misc.Unsafe::objectFieldOffset will be removed in a future release
2026-04-02T23:33:21.390+05:30  WARN 2740 --- [  restartedMain] JpaBaseConfiguration$JpaWebConfiguration : spring.jpa.open-in-view is enabled by default. Therefore, database queries may be performed during view rendering. Explicitly configure spring.jpa.open-in-view to disable this warning
2026-04-02T23:33:21.403+05:30  WARN 2740 --- [  restartedMain] .s.s.UserDetailsServiceAutoConfiguration : 

Using generated security password: ae4073a1-311a-4f90-8862-637f21f24a38

This generated password is for development use only. Your security configuration must be updated before running your application in production.

2026-04-02T23:33:21.534+05:30  INFO 2740 --- [  restartedMain] o.s.s.web.DefaultSecurityFilterChain     : Will secure any request with [org.springframework.security.web.session.DisableEncodeUrlFilter@5b55933c, org.springframework.security.web.context.request.async.WebAsyncManagerIntegrationFilter@ccf9b78, org.springframework.security.web.context.SecurityContextHolderFilter@2a50f331, org.springframework.security.web.header.HeaderWriterFilter@3a08ae87, org.springframework.web.filter.CorsFilter@a34fe45, org.springframework.security.web.authentication.logout.LogoutFilter@3cf285fa, com.creatorworkflow.security.JwtAuthFilter@2e474b57, org.springframework.security.web.savedrequest.RequestCacheAwareFilter@4dc1a368, org.springframework.security.web.servletapi.SecurityContextHolderAwareRequestFilter@1b11b3f1, org.springframework.security.web.authentication.AnonymousAuthenticationFilter@aaed0fd, org.springframework.security.web.session.SessionManagementFilter@4409d0df, org.springframework.security.web.access.ExceptionTranslationFilter@7bf26f9f, org.springframework.security.web.access.intercept.AuthorizationFilter@253e4e60]
2026-04-02T23:33:21.680+05:30  WARN 2740 --- [  restartedMain] o.s.b.d.a.OptionalLiveReloadServer       : Unable to start LiveReload server
2026-04-02T23:33:21.705+05:30  WARN 2740 --- [  restartedMain] ConfigServletWebServerApplicationContext : Exception encountered during context initialization - cancelling refresh attempt: org.springframework.context.ApplicationContextException: Failed to start bean 'webServerStartStop'
2026-04-02T23:33:21.707+05:30  INFO 2740 --- [  restartedMain] j.LocalContainerEntityManagerFactoryBean : Closing JPA EntityManagerFactory for persistence unit 'default'
2026-04-02T23:33:21.717+05:30  INFO 2740 --- [  restartedMain] com.zaxxer.hikari.HikariDataSource       : HikariPool-1 - Shutdown initiated...
2026-04-02T23:33:21.725+05:30  INFO 2740 --- [  restartedMain] com.zaxxer.hikari.HikariDataSource       : HikariPool-1 - Shutdown completed.
2026-04-02T23:33:21.737+05:30  INFO 2740 --- [  restartedMain] .s.b.a.l.ConditionEvaluationReportLogger : 

Error starting ApplicationContext. To display the condition evaluation report re-run your application with 'debug' enabled.
2026-04-02T23:33:21.751+05:30 ERROR 2740 --- [  restartedMain] o.s.b.d.LoggingFailureAnalysisReporter   : 

***************************
APPLICATION FAILED TO START
***************************

Description:

Web server failed to start. Port 8080 was already in use.

Action:

Identify and stop the process that's listening on port 8080 or configure this application to listen on another port.

[INFO] ------------------------------------------------------------------------
[INFO] BUILD FAILURE
[INFO] ------------------------------------------------------------------------
[INFO] Total time:  6.140 s
[INFO] Finished at: 2026-04-02T23:33:22+05:30
[INFO] ------------------------------------------------------------------------
[ERROR] Failed to execute goal org.springframework.boot:spring-boot-maven-plugin:3.2.3:run (default-cli) on project creator-workflow-os: Process terminated with exit code: 1 -> [Help 1]
[ERROR] 
[ERROR] To see the full stack trace of the errors, re-run Maven with the -e switch.
[ERROR] Re-run Maven using the -X switch to enable full debug logging.
[ERROR] 
[ERROR] For more information about the errors and possible solutions, please read the following articles:
[ERROR] [Help 1] http://cwiki.apache.org/confluence/display/MAVEN/MojoExecutionException
